e:\project\project\off\off\code\vs\uacme\uacme\new folder\uacme\source\akagi\output\x64\release\_strncpy.obj
e:\project\project\off\off\code\vs\uacme\uacme\new folder\uacme\source\akagi\output\x64\release\makecab.obj
e:\project\project\off\off\code\vs\uacme\uacme\new folder\uacme\source\akagi\output\x64\release\pcasvc32.obj
e:\project\project\off\off\code\vs\uacme\uacme\new folder\uacme\source\akagi\output\x64\release\_strncmpi.obj
e:\project\project\off\off\code\vs\uacme\uacme\new folder\uacme\source\akagi\output\x64\release\api0cradle.obj
e:\project\project\off\off\code\vs\uacme\uacme\new folder\uacme\source\akagi\output\x64\release\_strcpy.obj
e:\project\project\off\off\code\vs\uacme\uacme\new folder\uacme\source\akagi\output\x64\release\antoniococo.obj
e:\project\project\off\off\code\vs\uacme\uacme\new folder\uacme\source\akagi\output\x64\release\_strcmpi.obj
e:\project\project\off\off\code\vs\uacme\uacme\new folder\uacme\source\akagi\output\x64\release\dwells.obj
e:\project\project\off\off\code\vs\uacme\uacme\new folder\uacme\source\akagi\output\x64\release\_strlen.obj
e:\project\project\off\off\code\vs\uacme\uacme\new folder\uacme\source\akagi\output\x64\release\comsup.obj
e:\project\project\off\off\code\vs\uacme\uacme\new folder\uacme\source\akagi\output\x64\release\_strstri.obj
e:\project\project\off\off\code\vs\uacme\uacme\new folder\uacme\source\akagi\output\x64\release\hakril.obj
e:\project\project\off\off\code\vs\uacme\uacme\new folder\uacme\source\akagi\output\x64\release\u64tohex.obj
e:\project\project\off\off\code\vs\uacme\uacme\new folder\uacme\source\akagi\output\x64\release\fusutil.obj
e:\project\project\off\off\code\vs\uacme\uacme\new folder\uacme\source\akagi\output\x64\release\_strend.obj
e:\project\project\off\off\code\vs\uacme\uacme\new folder\uacme\source\akagi\output\x64\release\shellsup.obj
e:\project\project\off\off\code\vs\uacme\uacme\new folder\uacme\source\akagi\output\x64\release\_strcmp.obj
e:\project\project\off\off\code\vs\uacme\uacme\new folder\uacme\source\akagi\output\x64\release\hybrids.obj
e:\project\project\off\off\code\vs\uacme\uacme\new folder\uacme\source\akagi\output\x64\release\_strncmp.obj
e:\project\project\off\off\code\vs\uacme\uacme\new folder\uacme\source\akagi\output\x64\release\compress.obj
e:\project\project\off\off\code\vs\uacme\uacme\new folder\uacme\source\akagi\output\x64\release\ldr.obj
e:\project\project\off\off\code\vs\uacme\uacme\new folder\uacme\source\akagi\output\x64\release\pcasvc7_64.obj
e:\project\project\off\off\code\vs\uacme\uacme\new folder\uacme\source\akagi\output\x64\release\cmdline.obj
e:\project\project\off\off\code\vs\uacme\uacme\new folder\uacme\source\akagi\output\x64\release\methods.obj
e:\project\project\off\off\code\vs\uacme\uacme\new folder\uacme\source\akagi\output\x64\release\hde64.obj
e:\project\project\off\off\code\vs\uacme\uacme\new folder\uacme\source\akagi\output\x64\release\rinn.obj
e:\project\project\off\off\code\vs\uacme\uacme\new folder\uacme\source\akagi\output\x64\release\ultohex.obj
e:\project\project\off\off\code\vs\uacme\uacme\new folder\uacme\source\akagi\output\x64\release\appinfo64.obj
e:\project\project\off\off\code\vs\uacme\uacme\new folder\uacme\source\akagi\output\x64\release\tyranid.obj
e:\project\project\off\off\code\vs\uacme\uacme\new folder\uacme\source\akagi\output\x64\release\windefend.obj
e:\project\project\off\off\code\vs\uacme\uacme\new folder\uacme\source\akagi\output\x64\release\wusa.obj
e:\project\project\off\off\code\vs\uacme\uacme\new folder\uacme\source\akagi\output\x64\release\_filename.obj
e:\project\project\off\off\code\vs\uacme\uacme\new folder\uacme\source\akagi\output\x64\release\zcgonvh.obj
e:\project\project\off\off\code\vs\uacme\uacme\new folder\uacme\source\akagi\output\x64\release\u64tostr.obj
e:\project\project\off\off\code\vs\uacme\uacme\new folder\uacme\source\akagi\output\x64\release\aic.obj
e:\project\project\off\off\code\vs\uacme\uacme\new folder\uacme\source\akagi\output\x64\release\pcasvc7_32.obj
e:\project\project\off\off\code\vs\uacme\uacme\new folder\uacme\source\akagi\output\x64\release\pcasvc64.obj
e:\project\project\off\off\code\vs\uacme\uacme\new folder\uacme\source\akagi\output\x64\release\_strcat.obj
e:\project\project\off\off\code\vs\uacme\uacme\new folder\uacme\source\akagi\output\x64\release\azagarampur.obj
e:\project\project\off\off\code\vs\uacme\uacme\new folder\uacme\source\akagi\output\x64\release\test.obj
e:\project\project\off\off\code\vs\uacme\uacme\new folder\uacme\source\akagi\output\x64\release\ultostr.obj
e:\project\project\off\off\code\vs\uacme\uacme\new folder\uacme\source\akagi\output\x64\release\appinfo32.obj
e:\project\project\off\off\code\vs\uacme\uacme\new folder\uacme\source\akagi\output\x64\release\main.obj
e:\project\project\off\off\code\vs\uacme\uacme\new folder\uacme\source\akagi\output\x64\release\stub.obj
e:\project\project\off\off\code\vs\uacme\uacme\new folder\uacme\source\akagi\output\x64\release\strtoul.obj
e:\project\project\off\off\code\vs\uacme\uacme\new folder\uacme\source\akagi\output\x64\release\console.obj
e:\project\project\off\off\code\vs\uacme\uacme\new folder\uacme\source\akagi\output\x64\release\sup.obj
e:\project\project\off\off\code\vs\uacme\uacme\new folder\uacme\source\akagi\output\x64\release\vc142.pdb
e:\project\project\off\off\code\vs\uacme\uacme\new folder\uacme\source\akagi\output\x64\release\resource.res
e:\project\project\off\off\code\vs\uacme\uacme\new folder\uacme\source\akagi\output\x64\release\akagi64.exe
e:\project\project\off\off\code\vs\uacme\uacme\new folder\uacme\source\akagi\output\x64\release\akagi64.ipdb
e:\project\project\off\off\code\vs\uacme\uacme\new folder\uacme\source\akagi\output\x64\release\akagi64.iobj
e:\project\project\off\off\code\vs\uacme\uacme\new folder\uacme\source\akagi\output\x64\release\akagi.tlog\cl.21452.write.1.tlog
e:\project\project\off\off\code\vs\uacme\uacme\new folder\uacme\source\akagi\output\x64\release\akagi.tlog\cl.read.9.tlog
e:\project\project\off\off\code\vs\uacme\uacme\new folder\uacme\source\akagi\output\x64\release\akagi.tlog\cl.command.1.tlog
e:\project\project\off\off\code\vs\uacme\uacme\new folder\uacme\source\akagi\output\x64\release\akagi.tlog\rc.read.1.tlog
e:\project\project\off\off\code\vs\uacme\uacme\new folder\uacme\source\akagi\output\x64\release\akagi.tlog\rc.write.1.tlog
e:\project\project\off\off\code\vs\uacme\uacme\new folder\uacme\source\akagi\output\x64\release\akagi.tlog\rc.command.1.tlog
e:\project\project\off\off\code\vs\uacme\uacme\new folder\uacme\source\akagi\output\x64\release\akagi.tlog\link.read.20.tlog
e:\project\project\off\off\code\vs\uacme\uacme\new folder\uacme\source\akagi\output\x64\release\akagi.tlog\link.write.1.tlog
e:\project\project\off\off\code\vs\uacme\uacme\new folder\uacme\source\akagi\output\x64\release\akagi.tlog\link.command.1.tlog
e:\project\project\off\off\code\vs\uacme\uacme\new folder\uacme\source\akagi\output\x64\release\akagi.tlog\akagi.write.1u.tlog
