  cmdline.c
  hde64.c
  ldr.c
  strtoul.c
  u64tohex.c
  u64tostr.c
  ultohex.c
  ultostr.c
  windefend.c
  _filename.c
  _strcat.c
  _strcmp.c
  _strcmpi.c
  _strcpy.c
  _strend.c
  _strlen.c
  _strncmp.c
  _strncmpi.c
  _strncpy.c
  _strstri.c
  Generating Code...
  Compiling...
  aic.c
  appinfo64.c
  appinfo32.c
  console.c
  fusutil.c
  main.c
  makecab.c
  compress.c
  antonioCoco.c
  api0cradle.c
  azagarampur.c
  dwells.c
  shellsup.c
  hakril.c
  hybrids.c
  comsup.c
  methods.c
  rinn.c
  tyranid.c
  wusa.c
  Generating Code...
  Compiling...
  zcgonvh.c
  pcasvc7_64.c
  pcasvc7_32.c
  pcasvc64.c
  pcasvc32.c
  stub.c
  sup.c
E:\project\project\off\off\Code\vs\UACME\UACME\New folder\UACME\Source\Akagi\sup.c(4289,1): warning C4221: nonstandard extension used: 'params': cannot be initialized using address of automatic variable 'usText'
E:\project\project\off\off\Code\vs\UACME\UACME\New folder\UACME\Source\Akagi\sup.c(4288): message : see declaration of 'usText'
  test.c
  Generating Code...
  Creating .\output\Win32\Debug\Resource.res
  
  Using codepage 1252 as default
  
  Resource.rc.
  Writing ICON:1,	lang:0x409,	size 7336
  Writing ICON:2,	lang:0x409,	size 3240
  Writing GROUP_ICON:104,	lang:0x409,	size 34.
  Writing VERSION:1,	lang:0x409,	size 752.
  Writing RCDATA:200,	lang:0x409,	size 0.
  Writing RCDATA:203,	lang:0x409,	size 0.
  Writing RCDATA:300,	lang:0x409,	size 0
  uacme.vcxproj -> E:\project\project\off\off\Code\vs\UACME\UACME\New folder\UACME\Source\Akagi\.\output\Win32\Debug\Akagi.exe
